17-01-2023 13:46:55 - Application started
17-01-2023 13:49:56 - Application started
17-01-2023 13:50:09 - New Text Module file opened: C:\Users\Tester\Documents\Embarcadero\Studio\Projects\IDE Module Parser\Reports\QPInfo-20230112-0000\ModuleList.txt
17-01-2023 13:52:04 - Application started
17-01-2023 13:52:08 - New Text Module file opened: C:\Users\Tester\Documents\Embarcadero\Studio\Projects\IDE Module Parser\Reports\QPInfo-20230112-0000\ModuleList.txt
17-01-2023 13:52:19 - New Text Module file opened: C:\Users\Tester\Documents\Embarcadero\Studio\Projects\IDE Module Parser\Reports\QPInfo-20230112-0000\DXDiag_log.txt
17-01-2023 13:53:08 - Application started
17-01-2023 13:53:16 - New Text Module file opened: C:\Users\Tester\Documents\Embarcadero\Studio\Projects\IDE Module Parser\Reports\QPInfo-20230112-0000\StackTrace.txt
17-01-2023 13:53:21 - The opening of a new text ModuleFile has not been confirmed.
17-01-2023 13:53:27 - New Text Module file opened: C:\Users\Tester\Documents\Embarcadero\Studio\Projects\IDE Module Parser\Reports\QPInfo-20230112-0000\ModuleList.txt
17-01-2023 14:14:26 - Application started
17-01-2023 14:14:31 - New Text Module file opened: C:\Users\Tester\Documents\Embarcadero\Studio\Projects\IDE Module Parser\Reports\QPInfo-20230112-0000\ModuleList.txt
17-01-2023 14:16:50 - Application started
17-01-2023 14:16:53 - New Text Module file opened: C:\Users\Tester\Documents\Embarcadero\Studio\Projects\IDE Module Parser\Reports\QPInfo-20230112-0000\ModuleList.txt
17-01-2023 14:21:16 - Application started
17-01-2023 14:21:20 - New Text Module file opened: C:\Users\Tester\Documents\Embarcadero\Studio\Projects\IDE Module Parser\Reports\QPInfo-20230112-0000\ModuleList.txt
17-01-2023 14:25:09 - Application started
17-01-2023 14:25:12 - New Text Module file opened: C:\Users\Tester\Documents\Embarcadero\Studio\Projects\IDE Module Parser\Reports\QPInfo-20230112-0000\ModuleList.txt
17-01-2023 14:25:50 - Application started
17-01-2023 14:25:54 - New Text Module file opened: C:\Users\Tester\Documents\Embarcadero\Studio\Projects\IDE Module Parser\Reports\QPInfo-20230112-0000\ModuleList.txt
17-01-2023 14:31:39 - Application started
17-01-2023 14:31:43 - New Text Module file opened: C:\Users\Tester\Documents\Embarcadero\Studio\Projects\IDE Module Parser\Reports\QPInfo-20230112-0000\ModuleList.txt
17-01-2023 14:33:17 - Application started
17-01-2023 14:33:20 - New Text Module file opened: C:\Users\Tester\Documents\Embarcadero\Studio\Projects\IDE Module Parser\Reports\QPInfo-20230112-0000\ModuleList.txt
17-01-2023 14:34:30 - Application started
17-01-2023 14:34:34 - New Text Module file opened: C:\Users\Tester\Documents\Embarcadero\Studio\Projects\IDE Module Parser\Reports\QPInfo-20230112-0000\ModuleList.txt
17-01-2023 14:35:32 - Application started
17-01-2023 14:35:36 - New Text Module file opened: C:\Users\Tester\Documents\Embarcadero\Studio\Projects\IDE Module Parser\Reports\QPInfo-20230112-0000\ModuleList.txt
17-01-2023 14:36:10 - Application started
17-01-2023 14:36:14 - New Text Module file opened: C:\Users\Tester\Documents\Embarcadero\Studio\Projects\IDE Module Parser\Reports\QPInfo-20230112-0000\ModuleList.txt
17-01-2023 14:37:20 - Application started
17-01-2023 14:37:24 - New Text Module file opened: C:\Users\Tester\Documents\Embarcadero\Studio\Projects\IDE Module Parser\Reports\QPInfo-20230112-0000\ModuleList.txt
17-01-2023 14:38:13 - Application started
17-01-2023 14:38:16 - New Text Module file opened: C:\Users\Tester\Documents\Embarcadero\Studio\Projects\IDE Module Parser\Reports\QPInfo-20230112-0000\ModuleList.txt
17-01-2023 14:38:38 - Application started
17-01-2023 14:38:43 - New Text Module file opened: C:\Users\Tester\Documents\Embarcadero\Studio\Projects\IDE Module Parser\Reports\QPInfo-20230112-0000\ModuleList.txt
17-01-2023 14:39:23 - Application started
17-01-2023 14:39:28 - New Text Module file opened: C:\Users\Tester\Documents\Embarcadero\Studio\Projects\IDE Module Parser\Reports\QPInfo-20230112-0000\ModuleList.txt
17-01-2023 14:42:35 - Application started
17-01-2023 14:42:39 - New Text Module file opened: C:\Users\Tester\Documents\Embarcadero\Studio\Projects\IDE Module Parser\Reports\QPInfo-20230112-0000\ModuleList.txt
17-01-2023 14:47:34 - Application started
17-01-2023 14:47:37 - New Text Module file opened: C:\Users\Tester\Documents\Embarcadero\Studio\Projects\IDE Module Parser\Reports\QPInfo-20230112-0000\ModuleList.txt
17-01-2023 14:50:49 - Application started
17-01-2023 14:50:58 - New Text Module file opened: C:\Users\Tester\Documents\Embarcadero\Studio\Projects\IDE Module Parser\Reports\QPInfo-20230112-0000\ModuleList.txt
17-01-2023 14:52:35 - Application started
17-01-2023 14:52:39 - New Text Module file opened: C:\Users\Tester\Documents\Embarcadero\Studio\Projects\IDE Module Parser\Reports\QPInfo-20230112-0000\ModuleList.txt
17-01-2023 14:55:19 - Application started
17-01-2023 14:55:32 - Application started
17-01-2023 14:55:36 - New Text Module file opened: C:\Users\Tester\Documents\Embarcadero\Studio\Projects\IDE Module Parser\Reports\QPInfo-20230112-0000\ModuleList.txt
17-01-2023 14:55:58 - Application started
17-01-2023 14:56:02 - New Text Module file opened: C:\Users\Tester\Documents\Embarcadero\Studio\Projects\IDE Module Parser\Reports\QPInfo-20230112-0000\ModuleList.txt
